
09/02/22 | 21:23:22  info: Get User Details
09/02/22 | 21:23:22  info: {"email":"royet@gmail.com"}
09/02/22 | 21:23:24  info: Get User Details
09/02/22 | 21:23:24  info: {"email":"royet@gmail.com"}
09/02/22 | 21:23:33  info: Get User Details
09/02/22 | 21:23:33  info: {"email":"royet@gmail.com"}
09/02/22 | 21:23:39  info: Login User
09/02/22 | 21:23:39  info: {"email":"royet@gmail.com","password":"123"}
09/02/22 | 21:23:40  info: Get User Details
09/02/22 | 21:23:40  info: {"email":"royet@gmail.com"}
09/02/22 | 21:24:27  info: Login User
09/02/22 | 21:24:27  info: {"email":"royet@gmail.com","password":"123"}
09/02/22 | 21:24:27  info: Get User Details
09/02/22 | 21:24:27  info: {"email":"royet@gmail.com"}
09/02/22 | 21:24:28  info: Get User Details
09/02/22 | 21:24:28  info: {"email":"royet@gmail.com"}
09/02/22 | 21:24:34  info: Get User Details
09/02/22 | 21:24:34  info: {"email":"royet@gmail.com"}
09/02/22 | 21:24:35  info: Get User Details
09/02/22 | 21:24:35  info: {"email":"royet@gmail.com"}
09/02/22 | 21:24:51  info: Get User Details
09/02/22 | 21:24:51  info: {"email":"royet@gmail.com"}
09/02/22 | 21:24:52  info: Get User Details
09/02/22 | 21:24:52  info: {"email":"royet@gmail.com"}
09/02/22 | 21:24:59  info: Get User Details
09/02/22 | 21:24:59  info: {"email":"royet@gmail.com"}
09/02/22 | 21:28:48  info: Login User
09/02/22 | 21:28:48  info: {"email":"royet@gmail.com","password":"123"}
09/02/22 | 21:28:48  info: Get User Details
09/02/22 | 21:28:48  info: {"email":"royet@gmail.com"}
09/02/22 | 21:30:06  info: Login User
09/02/22 | 21:30:06  info: {"email":"royet@gmail.com","password":"123"}
09/02/22 | 21:30:06  info: Get User Details
09/02/22 | 21:30:06  info: {"email":"royet@gmail.com"}
09/02/22 | 21:31:04  info: Login User
09/02/22 | 21:31:04  info: {"email":"royet@gmail.com","password":"123"}
09/02/22 | 21:31:04  info: Get User Details
09/02/22 | 21:31:04  info: {"email":"royet@gmail.com"}
09/02/22 | 21:31:06  info: Get User Details
09/02/22 | 21:31:06  info: {"email":"royet@gmail.com"}
09/02/22 | 21:31:07  info: Attack Monster
09/02/22 | 21:31:07  info: {"userID":"6319b0b999b3104304db9a99","monsterID":"6319faf10966827497f892c6"}
09/02/22 | 21:31:09  info: Get User Details
09/02/22 | 21:31:09  info: {"email":"royet@gmail.com"}
09/02/22 | 21:31:10  info: Attack Monster
09/02/22 | 21:31:10  info: {"userID":"6319b0b999b3104304db9a99","monsterID":"6319fb200966827497f892d0"}
09/02/22 | 21:31:12  info: Get User Details
09/02/22 | 21:31:12  info: {"email":"royet@gmail.com"}
09/02/22 | 21:32:07  info: Get User Details
09/02/22 | 21:32:07  info: {"email":"royet@gmail.com"}
09/02/22 | 21:32:08  info: Attack Monster
09/02/22 | 21:32:08  info: {"userID":"6319b0b999b3104304db9a99","monsterID":"6319faf10966827497f892c6"}
09/02/22 | 21:32:10  info: Get User Details
09/02/22 | 21:32:10  info: {"email":"royet@gmail.com"}
09/02/22 | 21:33:09  info: Get User Details
09/02/22 | 21:33:09  info: {"email":"royet@gmail.com"}
09/02/22 | 21:33:10  info: Get User Details
09/02/22 | 21:33:10  info: {"email":"royet@gmail.com"}
09/02/22 | 21:33:27  info: Login User
09/02/22 | 21:33:27  info: {"email":"royet@gmail.com","password":"123"}
09/02/22 | 21:33:27  info: Get User Details
09/02/22 | 21:33:27  info: {"email":"royet@gmail.com"}
09/02/22 | 21:33:29  info: Get User Details
09/02/22 | 21:33:29  info: {"email":"royet@gmail.com"}
09/02/22 | 21:33:29  info: Attack Monster
09/02/22 | 21:33:29  info: {"userID":"6319b0b999b3104304db9a99","monsterID":"6319fb500966827497f892d2"}
09/02/22 | 21:33:32  info: Get User Details
09/02/22 | 21:33:32  info: {"email":"royet@gmail.com"}
